<?xml version="1.0" encoding="UTF-8"?>
<!-- Generated by org.testng.reporters.JUnitReportReporter -->
<testsuite hostname="vivmy" name="ru.stqa.selenium.Login_Test" tests="1" failures="0" timestamp="28 Aug 2015 09:10:07 GMT" time="2.494" errors="0">
  <testcase name="testLoginAdmin" time="2.494" classname="ru.stqa.selenium.Login_Test"/>
</testsuite> <!-- ru.stqa.selenium.Login_Test -->
