<?xml version="1.0" encoding="UTF-8"?>
<!-- Generated by org.testng.reporters.JUnitReportReporter -->
<testsuite hostname="vivmy.local" name="ru.stqa.selenium.Login_Test" tests="1" failures="0" timestamp="31 Aug 2015 23:04:16 GMT" time="3.169" errors="0">
  <testcase name="testLoginAdmin" time="3.169" classname="ru.stqa.selenium.Login_Test"/>
</testsuite> <!-- ru.stqa.selenium.Login_Test -->
